        -:    0:Source:testme.c
        -:    0:Graph:testme.gcno
        -:    0:Data:testme.gcda
        -:    0:Runs:3
        -:    0:Programs:1
        -:    1:#include<stdio.h>
        -:    2:#include<string.h>
        -:    3:#include<stdlib.h>
        -:    4:#include<time.h>
        -:    5:
function inputChar called 5989588 returned 100% blocks executed 100%
        -:    6:char inputChar()
        -:    7:{
 11979176:    8:    char random = (rand() % 94) + 32;
  5989588:    9:    return random;
        -:   10:}
        -:   11:
function inputString called 5989588 returned 100% blocks executed 100%
        -:   12:char *inputString()
        -:   13:{
        -:   14:    char s[6];
        -:   15:
 11979176:   16:    int i = 0;
        -:   17:
 71875056:   18:    while (i < 5){
branch  0 taken 29947940
branch  1 taken 5989588
 29947940:   19:        s[i] = (rand() % 16) + 101;
 29947940:   20:        i++;
        -:   21:    }
  5989588:   22:    return s;
        -:   23:}
        -:   24:
function testme called 3 returned 0% blocks executed 94%
        -:   25:void testme()
        -:   26:{
        6:   27:    int tcCount = 0;
        -:   28:    char *s;
        -:   29:    char c;
        3:   30:    int state = 0;
  5989588:   31:    while (1)
        -:   32:    {
  5989588:   33:        tcCount++;
  5989588:   34:        c = inputChar();
  5989588:   35:        s = inputString();
  5989588:   36:        printf("Iteration %d: c = %c, s = %s, state = %d\n", tcCount, c, s, state);
        -:   37:
  6053427:   38:        if (c == '[' && state == 0) state = 1;
branch  0 taken 63836
branch  1 taken 5925752
branch  2 taken 3
branch  3 taken 63833
  6053158:   39:        if (c == '(' && state == 1) state = 2;
branch  0 taken 63567
branch  1 taken 5926021
branch  2 taken 3
branch  3 taken 63564
  6053213:   40:        if (c == '{' && state == 2) state = 3;
branch  0 taken 63622
branch  1 taken 5925966
branch  2 taken 3
branch  3 taken 63619
  6053687:   41:        if (c == ' '&& state == 3) state = 4;
branch  0 taken 64096
branch  1 taken 5925492
branch  2 taken 3
branch  3 taken 64093
  6053358:   42:        if (c == 'a' && state == 4) state = 5;
branch  0 taken 63767
branch  1 taken 5925821
branch  2 taken 3
branch  3 taken 63764
  6053259:   43:        if (c == 'x' && state == 5) state = 6;
branch  0 taken 63668
branch  1 taken 5925920
branch  2 taken 3
branch  3 taken 63665
  6053296:   44:        if (c == '}' && state == 6) state = 7;
branch  0 taken 63705
branch  1 taken 5925883
branch  2 taken 3
branch  3 taken 63702
  6053028:   45:        if (c == ')' && state == 7) state = 8;
branch  0 taken 63437
branch  1 taken 5926151
branch  2 taken 3
branch  3 taken 63434
  6053121:   46:        if (c == ']' && state == 8) state = 9;
branch  0 taken 63530
branch  1 taken 5926058
branch  2 taken 3
branch  3 taken 63527
  6363973:   47:        if (s[0] == 'r' && s[1] == 'e'
branch  0 taken 374382
branch  1 taken 5615206
branch  2 taken 3
branch  3 taken 0
   399120:   48:            && s[2] == 's' && s[3] == 'e'
branch  0 taken 23324
branch  1 taken 351058
branch  2 taken 1414
branch  3 taken 21910
     1501:   49:            && s[4] == 't' && s[5] == '\0'
branch  0 taken 84
branch  1 taken 1330
branch  2 taken 3
branch  3 taken 81
        6:   50:            && state == 9)
branch  0 taken 3
branch  1 taken 0
        -:   51:        {
        3:   52:            printf("error ");
        3:   53:            exit(200);
        -:   54:        }
        -:   55:    }
    #####:   56:}
        -:   57:
        -:   58:
function main called 3 returned 100% blocks executed 100%
        -:   59:int main(int argc, char *argv[])
        -:   60:{
        3:   61:    srand(time(NULL));
        3:   62:    testme();
        3:   63:    return 0;
        -:   64:}
